real 2.94
user 0.00
sys 0.00
             4931584  maximum resident set size
                   0  average shared memory size
                   0  average unshared data size
                   0  average unshared stack size
                 518  page reclaims
                   6  page faults
                   0  swaps
                   0  block input operations
                   0  block output operations
                   1  messages sent
                   3  messages received
                   0  signals received
                   9  voluntary context switches
                  33  involuntary context switches
            41684211  instructions retired
            18758760  cycles elapsed
             2360064  peak memory footprint
