real 2.92
user 0.00
sys 0.00
             4915200  maximum resident set size
                   0  average shared memory size
                   0  average unshared data size
                   0  average unshared stack size
                 527  page reclaims
                   6  page faults
                   0  swaps
                   0  block input operations
                   0  block output operations
                   1  messages sent
                   1  messages received
                   0  signals received
                   7  voluntary context switches
                  33  involuntary context switches
            41237959  instructions retired
            17803325  cycles elapsed
             2360064  peak memory footprint
