real 0.01
user 0.00
sys 0.00
             4997120  maximum resident set size
                   0  average shared memory size
                   0  average unshared data size
                   0  average unshared stack size
                 464  page reclaims
                   2  page faults
                   0  swaps
                   0  block input operations
                   0  block output operations
                   1  messages sent
                   1  messages received
                   0  signals received
                   4  voluntary context switches
                  32  involuntary context switches
            39401951  instructions retired
            16936862  cycles elapsed
             2360064  peak memory footprint
