real 3.26
user 0.00
sys 0.00
             4997120  maximum resident set size
                   0  average shared memory size
                   0  average unshared data size
                   0  average unshared stack size
                 457  page reclaims
                   9  page faults
                   0  swaps
                   0  block input operations
                   0  block output operations
                   1  messages sent
                   1  messages received
                   0  signals received
                   8  voluntary context switches
                  34  involuntary context switches
            41013411  instructions retired
            17861104  cycles elapsed
             2343616  peak memory footprint
