real 0.01
user 0.00
sys 0.00
             5160960  maximum resident set size
                   0  average shared memory size
                   0  average unshared data size
                   0  average unshared stack size
                 471  page reclaims
                   5  page faults
                   0  swaps
                   0  block input operations
                   0  block output operations
                   1  messages sent
                   1  messages received
                   0  signals received
                   5  voluntary context switches
                  33  involuntary context switches
            39911251  instructions retired
            16054865  cycles elapsed
             2523904  peak memory footprint
