real 0.01
user 0.00
sys 0.00
             5160960  maximum resident set size
                   0  average shared memory size
                   0  average unshared data size
                   0  average unshared stack size
                 474  page reclaims
                   2  page faults
                   0  swaps
                   0  block input operations
                   0  block output operations
                   1  messages sent
                   1  messages received
                   0  signals received
                   5  voluntary context switches
                  32  involuntary context switches
            39699227  instructions retired
            16119796  cycles elapsed
             2523904  peak memory footprint
