00 200 0.001217
01 200 0.000757
02 200 0.000717
03 200 0.000721
04 200 0.000710
05 200 0.000709
06 200 0.000713
07 200 0.000709
08 200 0.000726
09 200 0.000720
10 200 0.000731
11 200 0.000717
12 200 0.000708
13 200 0.000707
14 200 0.000700
15 200 0.000694
16 200 0.000700
17 200 0.000781
18 200 0.000742
19 200 0.000721
20 200 0.000706
21 200 0.000725
22 200 0.000709
23 200 0.000701
24 200 0.000702
25 200 0.000720
26 200 0.000695
27 200 0.000706
28 200 0.000721
29 200 0.000721
30 200 0.000764
31 200 0.000705
32 200 0.000701
33 200 0.000711
34 200 0.000736
35 200 0.000718
36 200 0.000696
37 200 0.000714
38 200 0.000689
39 200 0.000699
40 200 0.000758
41 200 0.000736
42 200 0.000795
43 200 0.000730
44 200 0.000774
45 200 0.000717
46 200 0.000700
47 200 0.000701
48 200 0.000707
49 200 0.000708
50 200 0.000712
51 200 0.000704
52 200 0.000696
53 200 0.000729
54 200 0.000708
55 200 0.000704
56 200 0.000712
57 200 0.000721
58 200 0.000713
59 200 0.000703
60 200 0.000709
61 200 0.000728
62 200 0.000749
63 200 0.000694
