0 200 0.008513
1 200 0.001403
2 200 0.001831
3 200 0.001187
4 200 0.001697
5 200 0.002436
6 200 0.001456
7 200 0.001814
8 200 0.002316
9 200 0.001323
10 200 0.000684
11 200 0.000721
12 200 0.000701
13 200 0.000686
14 200 0.000847
15 200 0.000716
16 200 0.000711
17 200 0.000753
18 200 0.000795
19 200 0.001058
20 200 0.000894
21 200 0.000707
22 200 0.000689
23 200 0.000691
24 200 0.000680
25 200 0.000748
26 200 0.000696
27 200 0.000834
28 200 0.000735
29 200 0.000749
30 200 0.000689
31 200 0.000750
32 200 0.000686
33 200 0.000725
34 200 0.000761
35 200 0.000739
36 200 0.000703
37 200 0.000716
38 200 0.000725
39 200 0.000744
40 200 0.000668
41 200 0.000691
42 200 0.000716
43 200 0.000665
44 200 0.000722
45 200 0.000737
46 200 0.000725
47 200 0.000684
48 200 0.000683
49 200 0.000712
50 200 0.000692
51 200 0.000701
52 200 0.000753
53 200 0.000755
54 200 0.000714
55 200 0.001395
56 200 0.000703
57 200 0.001255
58 200 0.000848
59 200 0.000909
60 200 0.000792
61 200 0.000717
62 200 0.000697
63 200 0.000677
64 200 0.000704
65 200 0.000787
66 200 0.000751
67 200 0.000720
68 200 0.000759
69 200 0.000705
70 200 0.000693
71 200 0.000723
72 200 0.000725
73 200 0.000694
74 200 0.000733
75 200 0.000704
76 200 0.000735
77 200 0.000770
78 200 0.000689
79 200 0.000699
80 200 0.000674
81 200 0.000791
82 200 0.000727
83 200 0.000771
84 200 0.001385
85 200 0.001369
86 200 0.001001
87 200 0.001138
88 200 0.001563
89 200 0.000990
90 200 0.001324
91 200 0.000884
92 200 0.000734
93 200 0.000822
94 200 0.002264
95 200 0.001014
96 200 0.000881
97 200 0.000848
98 200 0.000806
99 200 0.000817
100 200 0.000771
101 200 0.000815
102 200 0.000786
103 200 0.000838
104 200 0.000868
105 200 0.000843
106 200 0.000785
107 200 0.000776
108 200 0.000782
109 200 0.000770
110 200 0.000804
111 200 0.000858
112 200 0.000851
113 200 0.000775
114 200 0.000816
115 200 0.000776
116 200 0.000822
117 200 0.000812
118 200 0.000803
119 200 0.000839
120 200 0.000720
121 200 0.000884
122 200 0.000740
123 200 0.000808
124 200 0.000857
125 200 0.000779
126 200 0.000756
127 200 0.000871
128 200 0.000805
