0 200 0.009526
1 200 0.000726
2 200 0.000747
3 200 0.000693
4 200 0.000678
5 200 0.000686
6 200 0.000666
7 200 0.000705
8 200 0.000699
9 200 0.000686
10 200 0.000671
11 200 0.000676
12 200 0.000672
13 200 0.000744
14 200 0.000688
15 200 0.000699
16 200 0.000681
17 200 0.000674
18 200 0.000659
19 200 0.000682
20 200 0.000673
21 200 0.000705
22 200 0.000651
23 200 0.000680
24 200 0.000655
25 200 0.000654
26 200 0.000751
27 200 0.000686
28 200 0.000671
29 200 0.000685
30 200 0.000669
31 200 0.000674
32 200 0.000664
33 200 0.000672
34 200 0.000645
35 200 0.000681
36 200 0.000623
37 200 0.000895
38 200 0.000741
39 200 0.000672
40 200 0.000692
41 200 0.000687
42 200 0.000814
43 200 0.000742
44 200 0.000728
45 200 0.000709
46 200 0.000750
47 200 0.000747
48 200 0.000744
49 200 0.000729
50 200 0.000754
51 200 0.000680
52 200 0.000711
53 200 0.000687
54 200 0.000699
55 200 0.000828
56 200 0.000890
57 200 0.000717
58 200 0.000711
59 200 0.000794
60 200 0.000750
61 200 0.000738
62 200 0.000921
63 200 0.000847
64 200 0.000689
65 200 0.000787
66 200 0.000694
67 200 0.000731
68 200 0.000760
69 200 0.000687
70 200 0.000677
71 200 0.000677
72 200 0.000675
73 200 0.000713
74 200 0.000675
75 200 0.000669
76 200 0.000682
77 200 0.000676
78 200 0.000684
79 200 0.000667
80 200 0.000731
81 200 0.000687
82 200 0.000668
83 200 0.000675
84 200 0.000660
85 200 0.000763
86 200 0.000793
87 200 0.000744
88 200 0.000687
89 200 0.000695
90 200 0.000666
91 200 0.000655
92 200 0.000687
93 200 0.000721
94 200 0.000706
95 200 0.000777
96 200 0.000726
97 200 0.000774
98 200 0.003412
99 200 0.000822
100 200 0.000725
101 200 0.000719
102 200 0.001165
103 200 0.000717
104 200 0.000782
105 200 0.000753
106 200 0.000729
107 200 0.000702
108 200 0.000669
109 200 0.000705
110 200 0.000680
111 200 0.000733
112 200 0.000699
113 200 0.000854
114 200 0.000682
115 200 0.000656
116 200 0.000710
117 200 0.000684
118 200 0.000644
119 200 0.000675
120 200 0.000698
121 200 0.000693
122 200 0.000675
123 200 0.000693
124 200 0.000678
125 200 0.000756
126 200 0.000692
127 200 0.000710
128 200 0.000695
