0 200 0.000697
1 200 0.000713
2 200 0.000681
3 200 0.000661
4 200 0.000677
5 200 0.000662
6 200 0.000717
7 200 0.001051
8 200 0.000721
9 200 0.000740
10 200 0.000678
11 200 0.000681
12 200 0.000704
13 200 0.000670
14 200 0.000683
15 200 0.000710
16 200 0.000706
17 200 0.000677
18 200 0.000730
19 200 0.000683
20 200 0.000673
21 200 0.000670
22 200 0.000694
23 200 0.000675
24 200 0.000681
25 200 0.000700
26 200 0.000708
27 200 0.000717
28 200 0.000811
29 200 0.000700
30 200 0.000691
31 200 0.000683
32 200 0.000690
33 200 0.000678
34 200 0.000701
35 200 0.000694
36 200 0.000706
37 200 0.000753
38 200 0.000745
39 200 0.000809
40 200 0.000969
41 200 0.000729
42 200 0.000694
43 200 0.000685
44 200 0.000726
45 200 0.000719
46 200 0.000737
47 200 0.000679
48 200 0.000763
49 200 0.000683
50 200 0.000682
51 200 0.000670
52 200 0.000695
53 200 0.000685
54 200 0.000671
55 200 0.000714
56 200 0.000729
57 200 0.000705
58 200 0.000696
59 200 0.000695
60 200 0.000701
61 200 0.000671
62 200 0.000690
63 200 0.000736
64 200 0.000703
