0 200 0.000836
1 200 0.000751
2 200 0.000712
3 200 0.000709
4 200 0.000712
5 200 0.000709
6 200 0.000707
7 200 0.000673
8 200 0.000817
9 200 0.000704
10 200 0.000729
11 200 0.000697
12 200 0.000779
13 200 0.000679
14 200 0.000677
15 200 0.000652
16 200 0.000727
17 200 0.000711
18 200 0.000695
19 200 0.000688
20 200 0.000666
21 200 0.000684
22 200 0.000802
23 200 0.000683
24 200 0.000668
25 200 0.000654
26 200 0.000702
27 200 0.000655
28 200 0.000810
29 200 0.000675
30 200 0.000678
31 200 0.000673
32 200 0.000697
33 200 0.000670
34 200 0.000639
35 200 0.000666
36 200 0.000689
37 200 0.000686
38 200 0.000679
39 200 0.000681
40 200 0.000721
41 200 0.000680
42 200 0.000678
43 200 0.000683
44 200 0.000672
45 200 0.000669
46 200 0.000738
47 200 0.000700
48 200 0.000683
49 200 0.000658
50 200 0.000681
51 200 0.000663
52 200 0.000672
53 200 0.000682
54 200 0.000767
55 200 0.001025
56 200 0.000813
57 200 0.000889
58 200 0.000752
59 200 0.000945
60 200 0.001362
61 200 0.002229
62 200 0.000813
63 200 0.000973
64 200 0.000679
65 200 0.000670
66 200 0.000786
67 200 0.000706
68 200 0.000758
69 200 0.000707
70 200 0.000720
71 200 0.000690
72 200 0.000704
73 200 0.000705
74 200 0.000681
75 200 0.000703
76 200 0.000679
77 200 0.000687
78 200 0.000702
79 200 0.000691
80 200 0.000720
81 200 0.000714
82 200 0.000734
83 200 0.000680
84 200 0.000684
85 200 0.000699
86 200 0.000663
87 200 0.000689
88 200 0.000732
89 200 0.000674
90 200 0.000755
91 200 0.000684
92 200 0.000701
93 200 0.000676
94 200 0.000719
95 200 0.000823
96 200 0.000682
97 200 0.000640
98 200 0.000672
99 200 0.000645
100 200 0.000723
101 200 0.000776
102 200 0.001029
103 200 0.000809
104 200 0.000795
105 200 0.000741
106 200 0.000711
107 200 0.000710
108 200 0.000752
109 200 0.000716
110 200 0.000884
111 200 0.000779
112 200 0.000724
113 200 0.000710
114 200 0.000705
115 200 0.000686
116 200 0.001036
117 200 0.000712
118 200 0.000724
119 200 0.000748
120 200 0.000733
121 200 0.000679
122 200 0.000730
123 200 0.000729
124 200 0.000691
125 200 0.000748
126 200 0.000753
127 200 0.000745
128 200 0.000845
