0 200 0.000735
1 200 0.000697
2 200 0.000713
3 200 0.000711
4 200 0.000727
5 200 0.000734
6 200 0.000790
7 200 0.000770
8 200 0.000843
9 200 0.000726
10 200 0.000712
11 200 0.000681
12 200 0.000720
13 200 0.000769
14 200 0.000695
15 200 0.000672
16 200 0.000701
17 200 0.000702
18 200 0.000666
19 200 0.000715
20 200 0.000693
21 200 0.000666
22 200 0.000664
23 200 0.000692
24 200 0.000705
25 200 0.000700
26 200 0.000715
27 200 0.000717
28 200 0.000682
29 200 0.000690
30 200 0.000645
31 200 0.000659
32 200 0.000652
33 200 0.000753
34 200 0.000685
35 200 0.000705
36 200 0.000693
37 200 0.000674
38 200 0.000671
39 200 0.000659
40 200 0.000672
41 200 0.000658
42 200 0.000643
43 200 0.000799
44 200 0.000663
45 200 0.000753
46 200 0.000686
47 200 0.000733
48 200 0.000680
49 200 0.000728
50 200 0.000710
51 200 0.001039
52 200 0.000682
53 200 0.000705
54 200 0.000687
55 200 0.000695
56 200 0.000665
57 200 0.000694
58 200 0.000673
59 200 0.000676
60 200 0.000657
61 200 0.000654
62 200 0.000671
63 200 0.000704
64 200 0.000676
65 200 0.000696
66 200 0.000675
67 200 0.000670
68 200 0.000686
69 200 0.000670
70 200 0.000666
71 200 0.000673
72 200 0.000669
73 200 0.000701
74 200 0.000717
75 200 0.000672
76 200 0.000685
77 200 0.000683
78 200 0.000692
79 200 0.000684
80 200 0.000684
81 200 0.000686
82 200 0.000670
83 200 0.000716
84 200 0.000690
85 200 0.000697
86 200 0.000679
87 200 0.000671
88 200 0.000668
89 200 0.000762
90 200 0.000674
91 200 0.000669
92 200 0.000675
93 200 0.000722
94 200 0.000805
95 200 0.000688
96 200 0.000677
97 200 0.000664
98 200 0.000671
99 200 0.000678
100 200 0.000676
101 200 0.000673
102 200 0.000671
103 200 0.000694
104 200 0.000689
105 200 0.000787
106 200 0.000686
107 200 0.000694
108 200 0.000668
109 200 0.000763
110 200 0.000690
111 200 0.000689
112 200 0.000725
113 200 0.000743
114 200 0.000674
115 200 0.000775
116 200 0.000685
117 200 0.000683
118 200 0.000713
119 200 0.000701
120 200 0.000712
121 200 0.000656
122 200 0.000681
123 200 0.000692
124 200 0.000669
125 200 0.000728
126 200 0.000696
127 200 0.000664
128 200 0.000687
