200 0.014008
200 0.004515
200 0.001804
200 0.001517
200 0.002050
200 0.001578
200 0.001298
200 0.001276
200 0.001277
200 0.001385
200 0.000666
200 0.000702
200 0.000693
200 0.000739
200 0.000678
200 0.000663
200 0.000699
200 0.000710
200 0.000712
200 0.000690
200 0.000683
200 0.000760
200 0.000718
200 0.000698
200 0.000688
200 0.000660
200 0.000715
200 0.000792
200 0.000696
200 0.000707
200 0.000710
200 0.000724
200 0.000707
200 0.000687
200 0.000756
200 0.000712
200 0.000793
200 0.000799
200 0.000692
200 0.000696
200 0.000699
200 0.000679
200 0.000668
200 0.000675
200 0.000690
200 0.000653
200 0.000718
200 0.000672
200 0.000685
200 0.000649
200 0.000666
200 0.000725
200 0.000673
200 0.000753
200 0.000703
200 0.000754
200 0.000674
200 0.000704
200 0.000680
200 0.000807
200 0.000717
200 0.000701
200 0.000683
200 0.000725
200 0.000712
200 0.000701
200 0.000723
200 0.000709
200 0.002372
200 0.000787
200 0.000805
200 0.000725
200 0.000739
200 0.000698
200 0.000756
200 0.000707
200 0.000683
200 0.000702
200 0.000640
200 0.000705
200 0.000728
200 0.000699
200 0.000698
200 0.000680
200 0.000633
200 0.000680
200 0.000669
200 0.000645
200 0.000675
200 0.000649
200 0.000628
200 0.000747
200 0.000677
200 0.000737
200 0.000724
200 0.000657
200 0.000669
200 0.000646
200 0.000673
200 0.000669
200 0.000659
200 0.000644
200 0.000628
200 0.000656
200 0.000726
200 0.000690
200 0.000723
200 0.000673
200 0.000665
200 0.000681
200 0.000659
200 0.000681
200 0.000645
200 0.000640
200 0.000634
200 0.000627
200 0.000634
200 0.000628
200 0.000668
200 0.000682
200 0.000633
200 0.000640
200 0.000693
200 0.000654
200 0.000824
200 0.000885
200 0.000728
200 0.000725
200 0.000694
