warning: /Users/ericflo/Development/kiln/crates/kiln-vulkan-kernel/Cargo.toml: version requirement `0.37.3+1.3.269` for dependency `ash` includes semver metadata which will be ignored, removing the metadata is recommended to avoid confusion
warning: unused variable: `v_out`
    --> crates/kiln-model/src/paged_kv_cache.rs:1317:21
     |
1317 |         let (k_out, v_out) = cache.read(0, &bt, 3)?;
     |                     ^^^^^ help: if this is intentional, prefix it with an underscore: `_v_out`
     |
     = note: `#[warn(unused_variables)]` (part of `#[warn(unused)]`) on by default

warning: unused variable: `in_features`
   --> crates/kiln-model/src/quantized.rs:377:13
    |
377 |         let in_features = 8;
    |             ^^^^^^^^^^^ help: if this is intentional, prefix it with an underscore: `_in_features`

warning: unused variable: `out_features`
   --> crates/kiln-model/src/quantized.rs:378:13
    |
378 |         let out_features = 1;
    |             ^^^^^^^^^^^^ help: if this is intentional, prefix it with an underscore: `_out_features`

warning: function `compute_chunk_body_reference` is never used
    --> crates/kiln-model/src/forward.rs:3253:4
     |
3253 | fn compute_chunk_body_reference(
     |    ^^^^^^^^^^^^^^^^^^^^^^^^^^^^
     |
     = note: `#[warn(dead_code)]` (part of `#[warn(unused)]`) on by default

warning: function `create_safetensors_with_data` is never used
    --> crates/kiln-model/src/loader.rs:1893:8
     |
1893 |     fn create_safetensors_with_data(tensors: &[(&str, Vec<usize>, StDtype, Vec<u8>)]) -> Vec<u8> {
     |        ^^^^^^^^^^^^^^^^^^^^^^^^^^^^

warning: function `pack_int4` is never used
    --> crates/kiln-model/src/loader.rs:1913:8
     |
1913 |     fn pack_int4(values: &[u8]) -> Vec<u8> {
     |        ^^^^^^^^^

warning: function `gptq_linear_tensors` is never used
    --> crates/kiln-model/src/loader.rs:1927:8
     |
1927 |     fn gptq_linear_tensors(
     |        ^^^^^^^^^^^^^^^^^^^

warning: field `fp8_scales` is never read
  --> crates/kiln-model/src/paged_kv_cache.rs:35:5
   |
23 | pub struct PagedKvCache {
   |            ------------ field in this struct
...
35 |     fp8_scales: Vec<(f32, f32)>,
   |     ^^^^^^^^^^

warning: `kiln-model` (lib test) generated 8 warnings (run `cargo fix --lib -p kiln-model --tests` to apply 3 suggestions)
    Finished `test` profile [unoptimized + debuginfo] target(s) in 0.13s
     Running unittests src/lib.rs (target/debug/deps/kiln_model-8ab5b66e9ef10c0c)

running 1 test
batched hybrid model decode row 0: max_abs_diff=0e0 mean_abs_diff=0e0
batched hybrid model decode row 1: max_abs_diff=0e0 mean_abs_diff=0e0
batched hybrid model state row 0 linear_layer 0: recurrent_max=0e0 recurrent_mean=0e0 conv_max=0e0 conv_mean=0e0
batched hybrid model state row 0 linear_layer 1: recurrent_max=0e0 recurrent_mean=0e0 conv_max=0e0 conv_mean=0e0
batched hybrid model state row 0 linear_layer 2: recurrent_max=0e0 recurrent_mean=0e0 conv_max=0e0 conv_mean=0e0
batched hybrid model state row 1 linear_layer 0: recurrent_max=0e0 recurrent_mean=0e0 conv_max=0e0 conv_mean=0e0
batched hybrid model state row 1 linear_layer 1: recurrent_max=0e0 recurrent_mean=0e0 conv_max=0e0 conv_mean=0e0
batched hybrid model state row 1 linear_layer 2: recurrent_max=0e0 recurrent_mean=0e0 conv_max=0e0 conv_mean=0e0
test forward::tests::test_model_forward_paged_decode_contiguous_batch_hybrid_matches_rowwise_metal ... ok

test result: ok. 1 passed; 0 failed; 0 ignored; 0 measured; 333 filtered out; finished in 1.62s

