  GPU: NVIDIA A40, 580.126.09
GPU: NVIDIA A40 (46068 MB)
    Prefill (paged): 8154.0ms (61 tok/s)
    Decode (paged): 129 tokens, mean ITL 44.7ms (22.4 tok/s)
GPU: NVIDIA A40 (46068 MB VRAM, source: nvidia-smi)
Prompt tokens:         494
Prefill time:          8154.0 ms (61 tok/s)
Mean inter-token:      44.7 ms (22.4 tok/s)
Tokens generated:      129
Spec method:           off
GPU: NVIDIA A40 (46068 MB)
    Prefill (paged): 3447.8ms (2372 tok/s)
    Decode (paged): 3 tokens, mean ITL 54.5ms (18.3 tok/s)
GPU: NVIDIA A40 (46068 MB VRAM, source: nvidia-smi)
Prompt tokens:         8180
Prefill time:          3447.8 ms (2372 tok/s)
Mean inter-token:      54.5 ms (18.3 tok/s)
Tokens generated:      3
Spec method:           off
GPU: NVIDIA A40 (46068 MB)
GPU: NVIDIA A40 (46068 MB VRAM, source: nvidia-smi)
Prompt tokens:         515
Prefill time:          340.5 ms (1513 tok/s)
Mean inter-token:      24.3 ms (41.2 tok/s)
Tokens generated:      64
Spec method:           mtp
